TN:
SF:src/AaveV3Manager.sol
DA:49,15
FN:49,AaveV3Manager.constructor
FNDA:15,AaveV3Manager.constructor
DA:50,15
DA:56,15
FN:56,AaveV3Manager._initializeAssetConfigs
FNDA:15,AaveV3Manager._initializeAssetConfigs
DA:58,15
DA:59,15
DA:60,15
DA:61,15
DA:70,60
FN:70,AaveV3Manager._registerAsset
FNDA:60,AaveV3Manager._registerAsset
DA:71,60
DA:76,60
DA:84,5
FN:84,AaveV3Manager.getLTV
FNDA:5,AaveV3Manager.getLTV
DA:85,5
DA:86,5
BRDA:86,0,0,1
BRDA:86,0,1,4
DA:87,4
DA:95,5
FN:95,AaveV3Manager.isAssetActive
FNDA:5,AaveV3Manager.isAssetActive
DA:96,31
DA:103,1
FN:103,AaveV3Manager.getRegisteredAssets
FNDA:1,AaveV3Manager.getRegisteredAssets
DA:104,19
DA:105,19
DA:106,19
DA:107,19
DA:108,19
DA:109,19
DA:118,12
FN:118,AaveV3Manager.deposit
FNDA:12,AaveV3Manager.deposit
DA:119,12
BRDA:119,1,0,-
BRDA:119,1,1,12
DA:120,12
BRDA:120,2,0,-
BRDA:120,2,1,12
DA:122,12
DA:123,12
DA:124,12
DA:126,12
BRDA:126,3,0,12
BRDA:126,3,1,-
DA:128,12
DA:129,12
DA:132,0
DA:134,12
BRDA:134,4,0,-
BRDA:134,4,1,12
DA:137,12
DA:140,12
DA:143,12
DA:146,12
DA:147,12
DA:149,12
DA:158,5
FN:158,AaveV3Manager.withdraw
FNDA:5,AaveV3Manager.withdraw
DA:159,5
BRDA:159,5,0,-
BRDA:159,5,1,5
DA:160,5
BRDA:160,6,0,-
BRDA:160,6,1,5
DA:162,5
DA:163,5
DA:164,5
BRDA:164,7,0,-
BRDA:164,7,1,5
DA:166,5
DA:167,5
BRDA:167,8,0,-
BRDA:167,8,1,5
DA:169,5
DA:170,5
BRDA:170,9,0,-
BRDA:170,9,1,5
DA:173,5
DA:174,5
BRDA:174,10,0,1
BRDA:174,10,1,4
DA:176,4
DA:177,4
DA:179,4
DA:181,4
DA:183,4
DA:193,8
FN:193,AaveV3Manager.borrow
FNDA:8,AaveV3Manager.borrow
DA:194,8
BRDA:194,11,0,-
BRDA:194,11,1,8
DA:195,8
BRDA:195,12,0,-
BRDA:195,12,1,8
DA:196,8
BRDA:196,13,0,-
BRDA:196,13,1,8
DA:199,8
DA:200,8
BRDA:200,14,0,3
BRDA:200,14,1,5
DA:202,5
DA:204,5
DA:205,5
DA:207,5
DA:209,5
DA:218,1
FN:218,AaveV3Manager.repay
FNDA:1,AaveV3Manager.repay
DA:219,1
BRDA:219,15,0,-
BRDA:219,15,1,1
DA:220,1
BRDA:220,16,0,-
BRDA:220,16,1,1
DA:221,1
BRDA:221,17,0,-
BRDA:221,17,1,1
DA:223,1
DA:224,1
BRDA:224,18,0,-
BRDA:224,18,1,1
DA:227,1
DA:228,1
BRDA:228,19,0,-
BRDA:228,19,1,1
DA:230,1
DA:231,1
DA:233,1
DA:234,1
DA:237,1
DA:238,1
DA:240,1
DA:242,1
DA:249,17
FN:249,AaveV3Manager.balanceOf
FNDA:17,AaveV3Manager.balanceOf
DA:250,89
DA:251,89
BRDA:251,20,0,58
DA:252,58
DA:255,31
DA:256,31
DA:257,31
DA:264,6
FN:264,AaveV3Manager.debtOf
FNDA:6,AaveV3Manager.debtOf
DA:265,79
DA:266,79
BRDA:266,21,0,68
DA:267,68
DA:270,11
DA:271,11
DA:273,11
DA:281,4
FN:281,AaveV3Manager.calculateUserHealthFactor
FNDA:4,AaveV3Manager.calculateUserHealthFactor
DA:282,4
DA:294,0
FN:294,AaveV3Manager.calculateHealthFactor
FNDA:0,AaveV3Manager.calculateHealthFactor
DA:301,18
DA:302,18
DA:304,18
DA:306,18
DA:307,72
DA:310,72
DA:313,72
BRDA:313,22,0,-
BRDA:313,22,1,3
DA:315,0
DA:316,72
BRDA:316,23,0,5
DA:318,5
DA:321,72
BRDA:321,24,0,14
DA:322,14
DA:325,14
DA:326,14
DA:329,14
DA:330,14
DA:334,72
DA:337,72
BRDA:337,25,0,8
BRDA:337,25,1,1
DA:339,8
DA:340,64
BRDA:340,26,0,1
DA:342,1
BRDA:342,27,0,1
DA:343,1
DA:347,72
BRDA:347,28,0,14
DA:348,14
DA:349,14
DA:350,14
DA:354,18
BRDA:354,29,0,4
DA:355,4
DA:358,14
DA:367,48
FN:367,AaveV3Manager._getTotalAssetsInPool
FNDA:48,AaveV3Manager._getTotalAssetsInPool
DA:368,48
DA:369,48
DA:372,11
FN:372,AaveV3Manager._getTotalDebtInPool
FNDA:11,AaveV3Manager._getTotalDebtInPool
DA:373,11
DA:374,11
DA:375,11
DA:376,11
DA:384,14
FN:384,AaveV3Manager._getLiquidationThreshold
FNDA:14,AaveV3Manager._getLiquidationThreshold
DA:394,14
FNF:17
FNH:16
LF:140
LH:137
BRF:52
BRH:34
end_of_record
TN:
SF:src/StableCoins-Deep-Dive/CircleAdapter.sol
DA:36,13
FN:36,CircleAdapter.constructor
FNDA:13,CircleAdapter.constructor
DA:42,13
BRDA:42,0,0,1
DA:43,1
DA:45,12
DA:46,12
DA:47,12
DA:48,12
DA:60,4
FN:60,CircleAdapter.executeFastCrossChainTransfer
FNDA:4,CircleAdapter.executeFastCrossChainTransfer
DA:65,4
BRDA:65,1,0,1
DA:66,1
DA:69,3
DA:70,3
BRDA:70,2,0,1
DA:71,1
DA:74,2
DA:75,2
DA:77,2
BRDA:77,3,0,1
DA:78,1
DA:81,1
DA:83,1
DA:85,1
DA:87,1
DA:94,1
DA:106,4
FN:106,CircleAdapter.supplyAndTransfer
FNDA:4,CircleAdapter.supplyAndTransfer
DA:112,4
BRDA:112,4,0,1
DA:113,1
DA:114,1
DA:116,1
DA:123,1
DA:124,1
DA:127,3
DA:128,3
DA:131,3
DA:133,3
DA:134,3
DA:136,3
BRDA:136,5,0,1
DA:137,1
DA:140,2
DA:141,2
BRDA:141,6,0,1
DA:142,1
DA:146,1
DA:148,1
DA:150,1
DA:152,1
DA:159,1
DA:168,1
FN:168,CircleAdapter.bridgeUsdc
FNDA:1,CircleAdapter.bridgeUsdc
DA:173,1
DA:174,1
DA:176,1
DA:183,1
DA:191,1
FN:191,CircleAdapter.getBorrowBalance
FNDA:1,CircleAdapter.getBorrowBalance
DA:192,1
DA:200,1
FN:200,CircleAdapter.getHealthFactor
FNDA:1,CircleAdapter.getHealthFactor
DA:201,1
DA:209,1
FN:209,CircleAdapter.getDelegatedAmount
FNDA:1,CircleAdapter.getDelegatedAmount
DA:210,1
DA:219,1
FN:219,CircleAdapter.repay
FNDA:1,CircleAdapter.repay
DA:220,1
DA:222,1
BRDA:222,7,0,1
DA:223,1
DA:226,1
DA:227,1
DA:229,1
DA:231,1
FNF:8
FNH:8
LF:63
LH:63
BRF:8
BRH:8
end_of_record
TN:
SF:src/StableCoins-Deep-Dive/libs/TransferHelper.sol
DA:20,0
FN:20,TransferHelper.safeTransfer
FNDA:0,TransferHelper.safeTransfer
DA:21,0
DA:22,0
BRDA:22,0,0,-
DA:23,0
DA:27,6
FN:27,TransferHelper.safeTransferFrom
FNDA:6,TransferHelper.safeTransferFrom
DA:28,6
DA:29,0
BRDA:29,1,0,-
DA:30,0
DA:39,8
FN:39,TransferHelper.safeApprove
FNDA:8,TransferHelper.safeApprove
DA:41,8
DA:42,0
BRDA:42,2,0,-
DA:43,0
DA:46,8
DA:47,0
BRDA:47,3,0,-
DA:48,0
DA:52,22
FN:52,TransferHelper._call
FNDA:22,TransferHelper._call
DA:53,22
DA:54,22
BRDA:54,4,0,-
DA:55,0
DA:58,22
DA:61,0
FN:61,TransferHelper.safeTransferNative
FNDA:0,TransferHelper.safeTransferNative
DA:62,0
DA:63,0
BRDA:63,5,0,-
DA:64,0
FNF:5
FNH:3
LF:24
LH:9
BRF:6
BRH:0
end_of_record
TN:
SF:src/TWAPPriceProvider.sol
DA:54,8
FN:54,TWAPPriceProvider.constructor
FNDA:8,TWAPPriceProvider.constructor
DA:55,8
BRDA:55,0,0,-
DA:65,40
FN:65,TWAPPriceProvider.registerPool
FNDA:40,TWAPPriceProvider.registerPool
DA:71,40
BRDA:71,1,0,-
DA:72,0
DA:74,40
BRDA:74,2,0,-
DA:76,40
DA:78,40
DA:85,40
DA:86,40
DA:87,80
BRDA:87,3,0,-
DA:88,0
DA:89,0
DA:92,40
BRDA:92,4,0,40
DA:93,40
DA:96,40
DA:104,0
FN:104,TWAPPriceProvider.deactivatePool
FNDA:0,TWAPPriceProvider.deactivatePool
DA:105,0
DA:106,0
BRDA:106,5,0,-
DA:108,0
DA:109,0
DA:117,0
FN:117,TWAPPriceProvider.activatePool
FNDA:0,TWAPPriceProvider.activatePool
DA:118,0
DA:119,0
BRDA:119,6,0,-
DA:121,0
DA:122,0
DA:129,0
FN:129,TWAPPriceProvider.updateDefaultObservationTime
FNDA:0,TWAPPriceProvider.updateDefaultObservationTime
DA:130,0
BRDA:130,7,0,-
DA:131,0
DA:134,0
DA:135,0
DA:136,0
DA:147,0
FN:147,TWAPPriceProvider.getTWAPPrice.0
FNDA:0,TWAPPriceProvider.getTWAPPrice.0
DA:152,0
DA:164,0
FN:164,TWAPPriceProvider.getTWAPPrice.1
FNDA:0,TWAPPriceProvider.getTWAPPrice.1
DA:170,5
BRDA:170,8,0,-
DA:171,0
DA:174,5
DA:176,5
DA:178,5
BRDA:178,9,0,-
DA:179,5
BRDA:179,10,0,-
DA:181,5
DA:182,5
DA:184,5
DA:187,5
DA:190,3
DA:191,3
DA:192,3
BRDA:192,11,0,-
BRDA:192,11,1,3
DA:193,0
DA:195,3
DA:198,3
DA:208,1
FN:208,TWAPPriceProvider.getAmountInForExactOut
FNDA:1,TWAPPriceProvider.getAmountInForExactOut
DA:213,1
DA:214,1
DA:215,1
DA:217,1
BRDA:217,12,0,-
DA:218,1
BRDA:218,13,0,-
DA:220,1
DA:221,1
DA:223,1
DA:225,1
DA:235,5
FN:235,TWAPPriceProvider.getQuote
FNDA:5,TWAPPriceProvider.getQuote
DA:240,5
DA:241,0
DA:248,1
FN:248,TWAPPriceProvider.getAllRegisteredPairs
FNDA:1,TWAPPriceProvider.getAllRegisteredPairs
DA:249,1
DA:258,1
FN:258,TWAPPriceProvider.getPoolInfo
FNDA:1,TWAPPriceProvider.getPoolInfo
DA:259,1
DA:260,1
DA:269,47
FN:269,TWAPPriceProvider._getPairHash
FNDA:47,TWAPPriceProvider._getPairHash
DA:270,47
DA:271,47
DA:277,1
FN:277,TWAPPriceProvider._getAmountIn
FNDA:1,TWAPPriceProvider._getAmountIn
DA:283,1
BRDA:283,14,0,-
BRDA:283,14,1,1
DA:284,1
BRDA:284,15,0,-
BRDA:284,15,1,1
DA:286,1
DA:287,1
DA:288,1
DA:291,1
DA:292,1
DA:294,1
BRDA:294,16,0,-
BRDA:294,16,1,1
DA:296,0
DA:299,1
DA:303,0
DA:306,5
FN:306,TWAPPriceProvider._getAmountOut
FNDA:5,TWAPPriceProvider._getAmountOut
DA:312,5
BRDA:312,17,0,1
BRDA:312,17,1,4
DA:313,4
BRDA:313,18,0,-
BRDA:313,18,1,4
DA:315,4
DA:316,4
DA:317,4
DA:318,4
DA:319,4
DA:320,4
BRDA:320,19,0,1
BRDA:320,19,1,3
DA:321,1
DA:323,3
DA:325,3
FNF:14
FNH:9
LF:96
LH:69
BRF:27
BRH:10
end_of_record
TN:
SF:src/UniswapV3Swapper.sol
DA:44,8
FN:44,UniswapV3Swapper.constructor
FNDA:8,UniswapV3Swapper.constructor
DA:45,8
DA:46,8
DA:47,8
DA:48,8
DA:51,4
FN:51,UniswapV3Swapper.swapExactInput
FNDA:4,UniswapV3Swapper.swapExactInput
DA:56,4
BRDA:56,0,0,-
BRDA:56,0,1,4
DA:57,4
BRDA:57,1,0,-
BRDA:57,1,1,4
DA:58,4
BRDA:58,2,0,-
BRDA:58,2,1,4
DA:61,4
DA:64,4
DA:67,4
DA:70,4
DA:71,4
BRDA:71,3,0,3
BRDA:71,3,1,1
DA:73,3
DA:80,1
DA:81,1
DA:82,2
DA:88,0
DA:92,2
DA:95,2
DA:104,2
DA:106,2
DA:109,1
FN:109,UniswapV3Swapper.swapExactOutput
FNDA:1,UniswapV3Swapper.swapExactOutput
DA:114,1
BRDA:114,4,0,-
BRDA:114,4,1,1
DA:115,1
BRDA:115,5,0,-
BRDA:115,5,1,1
DA:116,1
BRDA:116,6,0,-
BRDA:116,6,1,1
DA:119,1
DA:122,1
DA:123,1
BRDA:123,7,0,1
BRDA:123,7,1,-
DA:125,1
DA:132,0
DA:133,0
DA:134,0
DA:140,0
DA:144,0
DA:147,0
DA:150,0
DA:153,0
DA:163,0
DA:166,0
BRDA:166,8,0,-
DA:167,0
DA:170,0
DA:173,2
FN:173,UniswapV3Swapper.setSlippage
FNDA:2,UniswapV3Swapper.setSlippage
DA:174,2
BRDA:174,9,0,1
BRDA:174,9,1,1
DA:175,1
DA:178,5
FN:178,UniswapV3Swapper._encodePath
FNDA:5,UniswapV3Swapper._encodePath
DA:182,5
DA:183,5
DA:184,6
DA:190,5
DA:193,2
FN:193,UniswapV3Swapper._calculateSlippage
FNDA:2,UniswapV3Swapper._calculateSlippage
DA:194,2
FNF:6
FNH:6
LF:53
LH:40
BRF:19
BRH:11
end_of_record
TN:
SF:test/StableCoins-Deep-Dive/CircleAdapter.t.sol
DA:16,41
FN:16,MockERC20.mint
FNDA:41,MockERC20.mint
DA:17,41
DA:28,6
FN:28,MockPool.setMockAvailableBorrowsBase
FNDA:6,MockPool.setMockAvailableBorrowsBase
DA:29,6
DA:32,3
FN:32,MockPool.supply
FNDA:3,MockPool.supply
DA:33,3
DA:34,3
DA:37,4
FN:37,MockPool.borrow
FNDA:4,MockPool.borrow
DA:39,4
DA:40,4
DA:43,1
FN:43,MockPool.repay
FNDA:1,MockPool.repay
DA:44,1
DA:45,1
DA:47,1
DA:48,1
DA:50,1
DA:53,0
FN:53,MockPool.withdraw
FNDA:0,MockPool.withdraw
DA:54,0
DA:58,9
FN:58,MockPool.getUserAccountData
FNDA:9,MockPool.getUserAccountData
DA:66,9
DA:81,4
FN:81,MockTokenMessenger.depositForBurn
FNDA:4,MockTokenMessenger.depositForBurn
DA:87,4
DA:88,4
DA:89,4
DA:98,12
FN:98,MockDebtToken.constructor
FNDA:12,MockDebtToken.constructor
DA:99,12
DA:102,6
FN:102,MockDebtToken.borrowAllowance
FNDA:6,MockDebtToken.borrowAllowance
DA:103,6
DA:106,4
FN:106,MockDebtToken.approveDelegation
FNDA:4,MockDebtToken.approveDelegation
DA:107,4
DA:110,1
FN:110,MockDebtToken.balanceOf
FNDA:1,MockDebtToken.balanceOf
DA:111,1
FNF:12
FNH:11
LF:32
LH:30
BRF:0
BRH:0
end_of_record
